<?xml version="1.0" encoding="UTF-8"?>
<testsuite name="SolutionTest" tests="3" skipped="0" failures="0" errors="0" timestamp="2022-07-05T10:00:53" hostname="yuanyu-ubuntu" time="0.072">
  <properties/>
  <testcase name="longestCommonSubsequenceExample1()" classname="SolutionTest" time="0.066"/>
  <testcase name="longestCommonSubsequenceExample2()" classname="SolutionTest" time="0.001"/>
  <testcase name="longestCommonSubsequenceExample3()" classname="SolutionTest" time="0.002"/>
  <system-out><![CDATA[]]></system-out>
  <system-err><![CDATA[]]></system-err>
</testsuite>
